<?xml version="1.0" encoding="UTF-8"?>
<!-- Generated by org.testng.reporters.JUnitReportReporter -->
<testsuite hostname="DESKTOP-64PFNNP" failures="0" tests="1" name="Test.Logueo_Exitoso" time="0.265" errors="0" timestamp="2022-10-09T20:39:01 ART" skipped="0">
  <testcase classname="Test.Logueo_Exitoso" name="loguear" time="0.265"/>
  <system-out/>
</testsuite> <!-- Test.Logueo_Exitoso -->
