<?xml version="1.0" encoding="UTF-8"?>
<!-- Generated by org.testng.reporters.JUnitReportReporter -->
<testsuite hostname="DESKTOP-64PFNNP" failures="0" tests="4" name="Test.Logueo_error" time="0.982" errors="0" timestamp="2022-10-09T20:53:59 ART" skipped="0">
  <testcase classname="Test.Logueo_error" name="usuarioInvalido" time="0.157"/>
  <system-out/>
  <testcase classname="Test.Logueo_error" name="contraseñaInvalida" time="0.290"/>
  <system-out/>
  <testcase classname="Test.Logueo_error" name="loguearIngresandoUsuario" time="0.259"/>
  <system-out/>
  <testcase classname="Test.Logueo_error" name="loguearIngresandoContraseña" time="0.276"/>
  <system-out/>
</testsuite> <!-- Test.Logueo_error -->
