<?xml version="1.0" encoding="UTF-8"?>
<!-- Generated by org.testng.reporters.JUnitReportReporter -->
<testsuite hostname="DESKTOP-64PFNNP" failures="0" tests="4" name="Test.Logueo_error" time="0.835" errors="0" timestamp="2022-10-09T20:39:01 ART" skipped="0">
  <testcase classname="Test.Logueo_error" name="loguearIngresandoContraseña" time="0.222"/>
  <system-out/>
  <testcase classname="Test.Logueo_error" name="usuarioInvalido" time="0.136"/>
  <system-out/>
  <testcase classname="Test.Logueo_error" name="loguearIngresandoUsuario" time="0.191"/>
  <system-out/>
  <testcase classname="Test.Logueo_error" name="contraseñaInvalida" time="0.286"/>
  <system-out/>
</testsuite> <!-- Test.Logueo_error -->
