<?xml version="1.0" encoding="UTF-8"?>
<!-- Generated by org.testng.reporters.JUnitReportReporter -->
<testsuite hostname="DESKTOP-64PFNNP" failures="0" tests="1" name="TA.Challenge_LS.AbrirNavegador" time="3.529" errors="0" timestamp="2022-10-09T14:21:38 ART" skipped="0">
  <testcase classname="TA.Challenge_LS.AbrirNavegador" name="firefoxNaveg" time="3.529"/>
  <system-out/>
</testsuite> <!-- TA.Challenge_LS.AbrirNavegador -->
